<?xml version="1.0" encoding="UTF-8"?>
<!-- Generated by org.testng.reporters.JUnitReportReporter -->
<testsuite hostname="DAMAN" failures="0" tests="1" name="com.naveenautomation.Test.PlaceOrderTest" time="43.963" errors="0" timestamp="2023-01-26T18:06:51 EST" skipped="0">
  <testcase classname="com.naveenautomation.Test.PlaceOrderTest" name="verifyOrderPlaced" time="43.963"/>
  <system-out/>
</testsuite> <!-- com.naveenautomation.Test.PlaceOrderTest -->
