<?xml version="1.0" encoding="UTF-8"?>
<!-- Generated by org.testng.reporters.JUnitReportReporter -->
<testsuite hostname="DAMAN" failures="0" tests="1" name="com.naveenautomation.Test.AccountLogoutTest" time="10.898" errors="0" timestamp="2023-01-13T23:18:07 EST" skipped="0">
  <testcase classname="com.naveenautomation.Test.AccountLogoutTest" name="verifyUserIsAbleToLogoutSuccesfully" time="10.898"/>
  <system-out/>
</testsuite> <!-- com.naveenautomation.Test.AccountLogoutTest -->
