<?xml version="1.0" encoding="UTF-8"?>
<!-- Generated by org.testng.reporters.JUnitReportReporter -->
<testsuite hostname="DAMAN" failures="0" tests="1" name="com.Week18Assignment.EnumTest.MyWishListTest" time="17.043" errors="0" timestamp="06 Jan. 2023 00:31:16 GMT" skipped="0">
  <testcase classname="com.Week18Assignment.EnumTest.MyWishListTest" name="verifyUserIsAbleToAddProductsToWishList" time="17.043"/>
</testsuite> <!-- com.Week18Assignment.EnumTest.MyWishListTest -->
