<?xml version="1.0" encoding="UTF-8"?>
<!-- Generated by org.testng.reporters.JUnitReportReporter -->
<testsuite hostname="DAMAN" failures="0" tests="1" name="com.Week18Assignment.EnumTest.MyWishListTest" time="20.399" errors="0" timestamp="05 Jan. 2023 02:01:26 GMT" skipped="0">
  <testcase classname="com.Week18Assignment.EnumTest.MyWishListTest" name="verifyUserIsAbleToAddProductsToWishList" time="20.399"/>
</testsuite> <!-- com.Week18Assignment.EnumTest.MyWishListTest -->
