<?xml version="1.0" encoding="UTF-8"?>
<!-- Generated by org.testng.reporters.JUnitReportReporter -->
<testsuite hostname="DAMAN" failures="0" tests="1" name="AssignmentWeek16.MouseHover" time="23.384" errors="0" timestamp="2023-01-13T23:12:18 EST" skipped="0">
  <testcase classname="AssignmentWeek16.MouseHover" name="verifyHoverMouse" time="23.384"/>
  <system-out/>
</testsuite> <!-- AssignmentWeek16.MouseHover -->
