<?xml version="1.0" encoding="UTF-8"?>
<!-- Generated by org.testng.reporters.JUnitReportReporter -->
<testsuite hostname="DAMAN" failures="0" tests="3" name="com.naveenautomation.Test.MyAccountTest" time="29.400" errors="0" timestamp="2023-01-13T23:19:13 EST" skipped="0">
  <testcase classname="com.naveenautomation.Test.MyAccountTest" name="verifyUserIsAbleToLoginWithValidUsernamePassword" time="8.027"/>
  <system-out/>
  <testcase classname="com.naveenautomation.Test.MyAccountTest" name="verifyUserIsAbleToChangePhoneNumberOnceLoggedIn" time="9.930"/>
  <system-out/>
  <testcase classname="com.naveenautomation.Test.MyAccountTest" name="verifyUserIsAbleToSubscribeUnsubscribeToNewsLetter" time="11.443"/>
  <system-out/>
</testsuite> <!-- com.naveenautomation.Test.MyAccountTest -->
