<?xml version="1.0" encoding="UTF-8"?>
<!-- Generated by org.testng.reporters.JUnitReportReporter -->
<testsuite hostname="DAMAN" failures="0" tests="1" name="com.Week18Assignment.EnumTest.AddressBookTest" time="18.332" errors="0" timestamp="07 Jan. 2023 07:08:24 GMT" skipped="0">
  <testcase classname="com.Week18Assignment.EnumTest.AddressBookTest" name="verifyUSerIsAbleToEditAddress" time="18.332"/>
</testsuite> <!-- com.Week18Assignment.EnumTest.AddressBookTest -->
