<?xml version="1.0" encoding="UTF-8"?>
<!-- Generated by org.testng.reporters.JUnitReportReporter -->
<testsuite hostname="DAMAN" failures="0" tests="1" name="com.naveenautomation.Test.PlaceOrderTest" time="43.382" errors="0" timestamp="2023-01-13T23:22:58 EST" skipped="0">
  <testcase classname="com.naveenautomation.Test.PlaceOrderTest" name="verifyOrderPlaced" time="43.382"/>
  <system-out/>
</testsuite> <!-- com.naveenautomation.Test.PlaceOrderTest -->
