<?xml version="1.0" encoding="UTF-8"?>
<!-- Generated by org.testng.reporters.JUnitReportReporter -->
<testsuite hostname="DAMAN" failures="0" tests="1" name="com.naveenautomation.Test.MyWishListTest" time="19.552" errors="0" timestamp="2023-01-26T18:52:48 EST" skipped="0">
  <testcase classname="com.naveenautomation.Test.MyWishListTest" name="verifyUserIsAbleToAddProductsToWishList" time="19.552"/>
  <system-out/>
</testsuite> <!-- com.naveenautomation.Test.MyWishListTest -->
