<?xml version="1.0" encoding="UTF-8"?>
<!-- Generated by org.testng.reporters.JUnitReportReporter -->
<testsuite hostname="DAMAN" failures="0" tests="3" name="com.naveenautomation.Test.PlaceOrderTest" time="89.506" errors="0" timestamp="2023-01-14T21:51:03 EST" skipped="3">
  <testcase classname="com.naveenautomation.Test.PlaceOrderTest" name="verifyOrderPlaced" time="23.596">
    <skipped/>
  </testcase> <!-- verifyOrderPlaced -->
  <system-out/>
  <testcase classname="com.naveenautomation.Test.PlaceOrderTest" name="verifyOrderPlaced" time="25.910">
    <skipped/>
  </testcase> <!-- verifyOrderPlaced -->
  <system-out/>
  <testcase classname="com.naveenautomation.Test.PlaceOrderTest" name="verifyOrderPlaced" time="40.000">
    <skipped/>
  </testcase> <!-- verifyOrderPlaced -->
  <system-out/>
</testsuite> <!-- com.naveenautomation.Test.PlaceOrderTest -->
