<?xml version="1.0" encoding="UTF-8"?>
<!-- Generated by org.testng.reporters.JUnitReportReporter -->
<testsuite hostname="DAMAN" failures="0" tests="1" name="com.naveenautomation.Test.AccountLoginTest" time="8.956" errors="0" timestamp="2023-01-26T18:50:39 EST" skipped="0">
  <testcase classname="com.naveenautomation.Test.AccountLoginTest" name="verifyLogin" time="8.956"/>
  <system-out/>
</testsuite> <!-- com.naveenautomation.Test.AccountLoginTest -->
